<?xml version="1.0" encoding="UTF-8"?>
<testsuite xmlns:xsi="http://www.w3.org/2001/XMLSchema-instance" xsi:noNamespaceSchemaLocation="https://maven.apache.org/surefire/maven-surefire-plugin/xsd/surefire-test-report.xsd" version="3.0.2" name="com.example.ventasbolivar.service.security.JwtServiceTest" time="1.41" tests="6" errors="0" skipped="0" failures="0">
  <properties>
[...]
</properties>
  <testcase name="isExpired_devuelveTrue_paraTokenExpirado" classname="com.example.ventasbolivar.service.security.JwtServiceTest" time="1.348"/>
  <testcase name="generateToken_y_extractUsername_funciona" classname="com.example.ventasbolivar.service.security.JwtServiceTest" time="0.009"/>
  <testcase name="getClaims_devuelveClaimsCorrectamente" classname="com.example.ventasbolivar.service.security.JwtServiceTest" time="0.021"/>
  <testcase name="isValid_devuelveFalse_paraUsuarioIncorrecto" classname="com.example.ventasbolivar.service.security.JwtServiceTest" time="0.008"/>
  <testcase name="isExpired_devuelveFalse_paraTokenValido" classname="com.example.ventasbolivar.service.security.JwtServiceTest" time="0.005"/>
  <testcase name="isValid_devuelveTrue_paraTokenValido" classname="com.example.ventasbolivar.service.security.JwtServiceTest" time="0.012"/>
</testsuite>